<?xml version="1.0" encoding="UTF-8"?>
<!-- Generated by org.testng.reporters.JUnitReportReporter -->
<testsuite hostname="adikiprakash" failures="0" tests="1" name="com.vtiger.contactTest.CreateContactWithoutMandatoryDetailsTest" time="37.817" errors="0" timestamp="16 Nov 2019 17:26:22 GMT" skipped="0">
  <testcase classname="com.vtiger.contactTest.CreateContactWithoutMandatoryDetailsTest" name="createContactWithoutMandatoryDetailsTest" time="37.817"/>
</testsuite> <!-- com.vtiger.contactTest.CreateContactWithoutMandatoryDetailsTest -->
