<?xml version="1.0" encoding="UTF-8" ?>
<testsuite tests="9" failures="0" name="TestSuite" time="168.153" errors="0" skipped="0">
  <properties>
    <property name="java.runtime.name" value="Java(TM) SE Runtime Environment"/>
    <property name="java.vm.version" value="13.0.1+9"/>
    <property name="sun.boot.library.path" value="C:\Program Files\Java\jdk-13.0.1\bin"/>
    <property name="maven.multiModuleProjectDirectory" value="C:\Users\adiki\Documents\EclipsePhoton\WorkSpace\MavenProject"/>
    <property name="java.vm.vendor" value="Oracle Corporation"/>
    <property name="java.vendor.url" value="https://java.oracle.com/"/>
    <property name="guice.disable.misplaced.annotation.check" value="true"/>
    <property name="path.separator" value=";"/>
    <property name="java.vm.name" value="Java HotSpot(TM) 64-Bit Server VM"/>
    <property name="sun.os.patch.level" value=""/>
    <property name="user.script" value=""/>
    <property name="user.country" value="IN"/>
    <property name="sun.java.launcher" value="SUN_STANDARD"/>
    <property name="java.vm.specification.name" value="Java Virtual Machine Specification"/>
    <property name="user.dir" value="C:\Users\adiki\Documents\EclipsePhoton\WorkSpace\MavenProject"/>
    <property name="java.vm.compressedOopsMode" value="32-bit"/>
    <property name="java.runtime.version" value="13.0.1+9"/>
    <property name="os.arch" value="amd64"/>
    <property name="java.io.tmpdir" value="C:\Users\adiki\AppData\Local\Temp\"/>
    <property name="line.separator" value="
"/>
    <property name="java.vm.specification.vendor" value="Oracle Corporation"/>
    <property name="user.variant" value=""/>
    <property name="os.name" value="Windows 10"/>
    <property name="classworlds.conf" value="C:\Selenium Automation\apache-maven-3.6.3-bin\apache-maven-3.6.3\bin\..\bin\m2.conf"/>
    <property name="sun.jnu.encoding" value="Cp1252"/>
    <property name="java.library.path" value="C:\Program Files\Java\jdk-13.0.1\bin;C:\Windows\Sun\Java\bin;C:\Windows\system32;C:\Windows;C:\Windows\system32;C:\Windows;C:\Windows\System32\Wbem;C:\Windows\System32\WindowsPowerShell\v1.0\;C:\Windows\System32\OpenSSH\;C:\Program Files (x86)\ATI Technologies\ATI.ACE\Core-Static;C:\Program Files\Java\jdk-13.0.1\bin;C:\Selenium Automation\apache-maven-3.6.3-bin\apache-maven-3.6.3\bin;C:\Selenium Automation\apache-tomcat-9.0.8-windows-x64\apache-tomcat-9.0.8\bin;C:\Program Files\Git\cmd;C:\Users\adiki\AppData\Local\Microsoft\WindowsApps;;."/>
    <property name="maven.conf" value="C:\Selenium Automation\apache-maven-3.6.3-bin\apache-maven-3.6.3\bin\../conf"/>
    <property name="jdk.debug" value="release"/>
    <property name="java.class.version" value="57.0"/>
    <property name="java.specification.name" value="Java Platform API Specification"/>
    <property name="sun.management.compiler" value="HotSpot 64-Bit Tiered Compilers"/>
    <property name="os.version" value="10.0"/>
    <property name="library.jansi.path" value="C:\Selenium Automation\apache-maven-3.6.3-bin\apache-maven-3.6.3\bin\..\lib\jansi-native"/>
    <property name="user.home" value="C:\Users\adiki"/>
    <property name="user.timezone" value="Asia/Calcutta"/>
    <property name="file.encoding" value="Cp1252"/>
    <property name="java.specification.version" value="13"/>
    <property name="user.name" value="adiki"/>
    <property name="java.class.path" value="C:\Selenium Automation\apache-maven-3.6.3-bin\apache-maven-3.6.3\bin\..\boot\plexus-classworlds-2.6.0.jar"/>
    <property name="java.vm.specification.version" value="13"/>
    <property name="sun.arch.data.model" value="64"/>
    <property name="sun.java.command" value="org.codehaus.plexus.classworlds.launcher.Launcher test"/>
    <property name="java.home" value="C:\Program Files\Java\jdk-13.0.1"/>
    <property name="user.language" value="en"/>
    <property name="java.specification.vendor" value="Oracle Corporation"/>
    <property name="java.vm.info" value="mixed mode, sharing"/>
    <property name="java.version" value="13.0.1"/>
    <property name="java.vendor" value="Oracle Corporation"/>
    <property name="sun.stderr.encoding" value="cp437"/>
    <property name="maven.home" value="C:\Selenium Automation\apache-maven-3.6.3-bin\apache-maven-3.6.3\bin\.."/>
    <property name="file.separator" value="\"/>
    <property name="java.version.date" value="2019-10-15"/>
    <property name="java.vendor.url.bug" value="https://bugreport.java.com/bugreport/"/>
    <property name="sun.io.unicode.encoding" value="UnicodeLittle"/>
    <property name="sun.cpu.endian" value="little"/>
    <property name="sun.stdout.encoding" value="cp437"/>
    <property name="sun.cpu.isalist" value="amd64"/>
  </properties>
  <testcase classname="com.vtiger.contactTest.CreateContactWithoutMandatoryDetailsTest" name="createContactWithoutMandatoryDetailsTest" time="10.239"/>
  <testcase classname="com.vtiger.contactTest.CreateContactWithValidDataTest" name="createContactWithValidDataTest" time="14.369"/>
  <testcase classname="com.vtiger.contactTest.SearchContactUsingContactIDTest" name="searchContactUsingContactIDTest" time="19.38"/>
  <testcase classname="com.vtiger.contactTest.SearchContactUsingEmailIDTest" name="searchContactUsingEmailIDTest" time="19.729"/>
  <testcase classname="com.vtiger.contactTest.SearchContactUsingFirstNameTest" name="searchContactUsingFirstNameTest" time="18.375"/>
  <testcase classname="com.vtiger.contactTest.SearchContactUsingLastNameTest" name="searchContactUsingLastNameTest" time="18.723"/>
  <testcase classname="com.vtiger.contactTest.SearchContactUsingOffPhoneNoTest" name="searchContactUsingOffPhoneNoTest" time="17.14"/>
  <testcase classname="com.vtiger.contactTest.SearchContactUsingOrganizationNameTest" name="searchContactUsingOrganizationNameTest" time="32.275"/>
  <testcase classname="com.vtiger.contactTest.SearchContactUsingTitleTest" name="searchContactUsingTitleTest" time="17.923"/>
</testsuite>