<?xml version="1.0" encoding="UTF-8"?>
<!-- Generated by org.testng.reporters.JUnitReportReporter -->
<testsuite hostname="adikiprakash" failures="0" tests="1" name="com.vtiger.contactTest.SearchContactUsingLastNameTest" time="30.043" errors="0" timestamp="01 Dec 2019 14:08:20 GMT" skipped="0">
  <testcase classname="com.vtiger.contactTest.SearchContactUsingLastNameTest" name="searchContactUsingLastNameTest" time="30.043"/>
</testsuite> <!-- com.vtiger.contactTest.SearchContactUsingLastNameTest -->
