<?xml version="1.0" encoding="UTF-8"?>
<!-- Generated by org.testng.reporters.JUnitReportReporter -->
<testsuite hostname="adikiprakash" failures="0" tests="1" name="com.vtiger.contactTest.SearchContactUsingOffPhoneNoTest" time="26.830" errors="0" timestamp="01 Dec 2019 14:08:20 GMT" skipped="0">
  <testcase classname="com.vtiger.contactTest.SearchContactUsingOffPhoneNoTest" name="searchContactUsingOffPhoneNoTest" time="26.830"/>
</testsuite> <!-- com.vtiger.contactTest.SearchContactUsingOffPhoneNoTest -->
