<?xml version="1.0" encoding="UTF-8"?>
<!-- Generated by org.testng.reporters.JUnitReportReporter -->
<testsuite hostname="adikiprakash" failures="0" tests="1" name="com.vtiger.contactTest.SearchContactUsingEmailIDTest" time="29.852" errors="0" timestamp="01 Dec 2019 14:08:20 GMT" skipped="0">
  <testcase classname="com.vtiger.contactTest.SearchContactUsingEmailIDTest" name="searchContactUsingEmailIDTest" time="29.852"/>
</testsuite> <!-- com.vtiger.contactTest.SearchContactUsingEmailIDTest -->
