<?xml version="1.0" encoding="UTF-8"?>
<!-- Generated by org.testng.reporters.JUnitReportReporter -->
<testsuite hostname="adikiprakash" failures="0" tests="1" name="com.vtiger.contactTest.SearchContactUsingContactIDTest" time="30.921" errors="0" timestamp="01 Dec 2019 14:08:20 GMT" skipped="0">
  <testcase classname="com.vtiger.contactTest.SearchContactUsingContactIDTest" name="searchContactUsingContactIDTest" time="30.921"/>
</testsuite> <!-- com.vtiger.contactTest.SearchContactUsingContactIDTest -->
